  stdafx.cpp
  GifSmiley.cpp
C:\D\gitfile\TeamTalk\win-client\src\GifSmiley\GifSmiley.cpp(9,2): warning C4467: 已弃用 ATL 属性的使用情况
  GifSmileyCtrl.cpp
C:\D\gitfile\TeamTalk\win-client\src\GifSmiley\GifSmileyCtrl.h(25,2): warning C4467: 已弃用 ATL 属性的使用情况
  (编译源文件“GifSmileyCtrl.cpp”)
  
  mAniImage.cpp
  正在生成代码...
GifSmiley.obj : warning LNK4075: 忽略“/EDITANDCONTINUE”(由于“/INCREMENTAL:NO”规范)
    正在创建库 C:\D\gitfile\TeamTalk\win-client\solution\..\lib\Debug\GifSmiley.lib 和对象 C:\D\gitfile\TeamTalk\win-client\solution\..\lib\Debug\GifSmiley.exp
  Microsoft (R) 32b/64b MIDL Compiler Version 8.01.0628 
  Copyright (c) Microsoft Corporation. All rights reserved.
  Processing .\vc140.idl
  vc140.idl
  Processing C:\Windows Kits\10\Include\10.0.22621.0\um\prsht.idl
  prsht.idl
  Processing C:\Windows Kits\10\Include\10.0.22621.0\shared\wtypes.idl
  wtypes.idl
  Processing C:\Windows Kits\10\Include\10.0.22621.0\shared\wtypesbase.idl
  wtypesbase.idl
  Processing C:\Windows Kits\10\Include\10.0.22621.0\shared\basetsd.h
  basetsd.h
  Processing C:\Windows Kits\10\Include\10.0.22621.0\shared\guiddef.h
  guiddef.h
  Processing C:\Windows Kits\10\Include\10.0.22621.0\um\MsHTML.idl
  MsHTML.idl
  Processing C:\Windows Kits\10\Include\10.0.22621.0\um\ocidl.idl
  ocidl.idl
  Processing C:\Windows Kits\10\Include\10.0.22621.0\um\oleidl.idl
  oleidl.idl
  Processing C:\Windows Kits\10\Include\10.0.22621.0\um\objidl.idl
  objidl.idl
  Processing C:\Windows Kits\10\Include\10.0.22621.0\um\unknwn.idl
  unknwn.idl
  Processing C:\Windows Kits\10\Include\10.0.22621.0\um\oaidl.idl
  oaidl.idl
  Processing C:\Windows Kits\10\Include\10.0.22621.0\um\servprov.idl
  servprov.idl
  Processing C:\Windows Kits\10\Include\10.0.22621.0\um\urlmon.idl
  urlmon.idl
  Processing C:\Windows Kits\10\Include\10.0.22621.0\um\msxml.idl
  msxml.idl
  Processing C:\Windows Kits\10\Include\10.0.22621.0\um\dimm.idl
  dimm.idl
  Processing C:\Windows Kits\10\Include\10.0.22621.0\um\shtypes.idl
  shtypes.idl
  Processing C:\Windows Kits\10\Include\10.0.22621.0\um\dispex.idl
  dispex.idl
  Processing C:\Windows Kits\10\Include\10.0.22621.0\shared\dxgitype.idl
  dxgitype.idl
  Processing C:\Windows Kits\10\Include\10.0.22621.0\shared\dxgicommon.idl
  dxgicommon.idl
  Processing C:\Windows Kits\10\Include\10.0.22621.0\shared\dxgiformat.idl
  dxgiformat.idl
  Processing C:\Windows Kits\10\Include\10.0.22621.0\um\MsHtmHst.idl
  MsHtmHst.idl
  Processing C:\Windows Kits\10\Include\10.0.22621.0\um\docobj.idl
  docobj.idl
  Processing C:\Windows Kits\10\Include\10.0.22621.0\um\ExDisp.idl
  ExDisp.idl
  Processing C:\Windows Kits\10\Include\10.0.22621.0\um\ObjSafe.idl
  ObjSafe.idl
  Processing C:\Windows Kits\10\Include\10.0.22621.0\um\oaidl.acf
  oaidl.acf
  Processing C:\Windows Kits\10\Include\10.0.22621.0\um\ocidl.acf
  ocidl.acf
  GifSmiley2003.vcxproj -> C:\D\gitfile\TeamTalk\win-client\bin\teamtalk\Debug\GifSmiley.dll
C:\software\vs\ide\MSBuild\Microsoft\VC\v170\Microsoft.CppCommon.targets(166,5): error MSB3075: 命令“Regsvr32.exe /s "C:\D\gitfile\TeamTalk\win-client\solution\\..\bin\teamtalk\Debug\GifSmiley.dll"
C:\software\vs\ide\MSBuild\Microsoft\VC\v170\Microsoft.CppCommon.targets(166,5): error MSB3075: :VCEnd”已退出，代码为 5。请验证您是否拥有运行此命令的足够权限。
